2021-01-01_23:59:00 Sturm_pro_Tag 0
2021-01-02_23:59:00 Sturm_pro_Tag 0.2
2021-01-03_23:59:00 Sturm_pro_Tag 0.2
2021-01-04_23:59:00 Sturm_pro_Tag 0.4
2021-01-05_23:59:00 Sturm_pro_Tag 1
2021-01-06_23:59:00 Sturm_pro_Tag 1.4
2021-01-07_23:59:00 Sturm_pro_Tag 0.6
2021-01-08_23:59:00 Sturm_pro_Tag 0
2021-01-09_23:59:00 Sturm_pro_Tag 0
2021-01-10_23:59:00 Sturm_pro_Tag 0.2
2021-01-11_23:59:00 Sturm_pro_Tag 0.2
2021-01-12_23:59:00 Sturm_pro_Tag 0.4
2021-01-13_23:59:00 Sturm_pro_Tag 0.6
2021-01-14_23:59:00 Sturm_pro_Tag 0.8
2021-01-15_23:59:00 Sturm_pro_Tag 0.4
2021-01-16_23:59:00 Sturm_pro_Tag 0.2
2021-01-17_23:59:00 Sturm_pro_Tag 0.2
2021-01-18_23:59:00 Sturm_pro_Tag 0.6
2021-01-19_23:59:00 Sturm_pro_Tag 1
2021-01-20_23:59:00 Sturm_pro_Tag 0.2
2021-01-21_23:59:00 Sturm_pro_Tag 0.2
2021-01-22_23:59:00 Sturm_pro_Tag 0.6
2021-01-23_23:59:00 Sturm_pro_Tag 0.8
2021-01-24_23:59:00 Sturm_pro_Tag 0.8
2021-01-25_23:59:00 Sturm_pro_Tag 0.2
2021-01-26_23:59:00 Sturm_pro_Tag 0.2
2021-01-27_23:59:00 Sturm_pro_Tag 0
2021-01-28_23:59:00 Sturm_pro_Tag 0
2021-01-29_23:59:00 Sturm_pro_Tag 0
2021-01-30_23:59:00 Sturm_pro_Tag 0
2021-01-31_23:59:00 Sturm_pro_Tag 0.6
2021-02-01_23:59:00 Sturm_pro_Tag 1
2021-02-02_23:59:00 Sturm_pro_Tag 1.2
2021-02-03_23:59:00 Sturm_pro_Tag 0.4
2021-02-04_23:59:00 Sturm_pro_Tag 0.2
2021-02-05_23:59:00 Sturm_pro_Tag 0.2
2021-02-06_23:59:00 Sturm_pro_Tag 0.8
2021-02-07_23:59:00 Sturm_pro_Tag 1.2
2021-02-08_23:59:00 Sturm_pro_Tag 1.2
2021-02-09_23:59:00 Sturm_pro_Tag 0.6
2021-02-10_23:59:00 Sturm_pro_Tag 0.2
2021-02-11_23:59:00 Sturm_pro_Tag 0.2
2021-02-12_23:59:00 Sturm_pro_Tag 0.8
2021-02-13_23:59:00 Sturm_pro_Tag 0
2021-02-14_23:59:00 Sturm_pro_Tag 1
2021-02-15_23:59:00 Sturm_pro_Tag 1.2
2021-02-16_23:59:00 Sturm_pro_Tag 0.6
2021-02-17_23:59:00 Sturm_pro_Tag 0.4
2021-02-18_23:59:00 Sturm_pro_Tag 0.8
2021-02-19_23:59:00 Sturm_pro_Tag 0.2
2021-02-20_23:59:00 Sturm_pro_Tag 1
2021-02-21_23:59:00 Sturm_pro_Tag 1
2021-02-22_23:59:00 Sturm_pro_Tag 0.8
2021-02-23_23:59:00 Sturm_pro_Tag 1.2
2021-02-24_23:59:00 Sturm_pro_Tag 0.4
2021-02-25_23:59:00 Sturm_pro_Tag 0.4
2021-02-26_23:59:00 Sturm_pro_Tag 1
2021-02-27_23:59:00 Sturm_pro_Tag 1.4
2021-02-28_23:59:00 Sturm_pro_Tag 1.6
2021-03-01_23:59:00 Sturm_pro_Tag 1.2
2021-03-02_23:59:00 Sturm_pro_Tag 0.8
2021-03-03_23:59:00 Sturm_pro_Tag 1.4
2021-03-04_23:59:00 Sturm_pro_Tag 0.2
2021-03-05_23:59:00 Sturm_pro_Tag 0.2
2021-03-06_23:59:00 Sturm_pro_Tag 0.2
2021-03-07_23:59:00 Sturm_pro_Tag 0.8
2021-03-08_23:59:00 Sturm_pro_Tag 0.6
2021-03-09_23:59:00 Sturm_pro_Tag 1.2
2021-03-10_23:59:00 Sturm_pro_Tag 1.4
2021-03-11_23:59:00 Sturm_pro_Tag 0.2
2021-03-12_23:59:00 Sturm_pro_Tag 0.2
2021-03-13_23:59:00 Sturm_pro_Tag 0
2021-03-14_23:59:00 Sturm_pro_Tag 0
2021-03-15_23:59:00 Sturm_pro_Tag 0.4
2021-03-16_23:59:00 Sturm_pro_Tag 0.8
2021-03-17_23:59:00 Sturm_pro_Tag 0.6
2021-03-18_23:59:00 Sturm_pro_Tag 1
2021-03-19_23:59:00 Sturm_pro_Tag 0.2
2021-03-20_23:59:00 Sturm_pro_Tag 1
2021-03-21_23:59:00 Sturm_pro_Tag 1
2021-03-22_23:59:00 Sturm_pro_Tag 1.2
2021-03-23_23:59:00 Sturm_pro_Tag 1.2
2021-03-24_23:59:00 Sturm_pro_Tag 1.2
2021-03-25_23:59:00 Sturm_pro_Tag 0.8
2021-03-26_23:59:00 Sturm_pro_Tag 1.6
2021-03-27_23:59:00 Sturm_pro_Tag 0
2021-03-28_23:59:00 Sturm_pro_Tag 0.4
2021-03-29_23:59:00 Sturm_pro_Tag 1.8
2021-03-30_23:59:00 Sturm_pro_Tag 1.6
2021-03-31_23:59:00 Sturm_pro_Tag 1.4
2021-04-01_23:59:00 Sturm_pro_Tag 1.6
2021-04-02_23:59:00 Sturm_pro_Tag 1.4
2021-04-03_23:59:00 Sturm_pro_Tag 1.6
2021-04-04_23:59:00 Sturm_pro_Tag 1.2
2021-04-05_23:59:00 Sturm_pro_Tag 0.4
2021-04-06_23:59:00 Sturm_pro_Tag 1
2021-04-07_23:59:00 Sturm_pro_Tag 2
2021-04-08_23:59:00 Sturm_pro_Tag 1.8
2021-04-09_23:59:00 Sturm_pro_Tag 1.6
2021-04-10_23:59:00 Sturm_pro_Tag 2
2021-04-11_23:59:00 Sturm_pro_Tag 1.2
2021-04-12_23:59:00 Sturm_pro_Tag 1.8
2021-04-13_23:59:00 Sturm_pro_Tag 0.8
2021-04-14_23:59:00 Sturm_pro_Tag 1.2
2021-04-15_23:59:00 Sturm_pro_Tag 1.6
2021-04-16_23:59:00 Sturm_pro_Tag 1.4
2021-04-17_23:59:00 Sturm_pro_Tag 0.2
2021-04-18_23:59:00 Sturm_pro_Tag 0.8
2021-04-19_23:59:00 Sturm_pro_Tag 1.4
2021-04-20_23:59:00 Sturm_pro_Tag 1.6
2021-04-21_23:59:00 Sturm_pro_Tag 1.8
2021-04-22_23:59:00 Sturm_pro_Tag 1.8
2021-04-23_23:59:00 Sturm_pro_Tag 2
2021-04-24_23:59:00 Sturm_pro_Tag 2.2
2021-04-25_23:59:00 Sturm_pro_Tag 1.4
2021-04-26_23:59:00 Sturm_pro_Tag 1.2
2021-04-27_23:59:00 Sturm_pro_Tag 1.4
2021-04-28_23:59:00 Sturm_pro_Tag 1.4
2021-04-29_23:59:00 Sturm_pro_Tag 1.6
2021-04-30_23:59:00 Sturm_pro_Tag 0.4 
2021-05-01_23:59:00 Sturm_pro_Tag 0.4
2021-05-02_23:59:00 Sturm_pro_Tag 0.6
2021-05-03_23:59:00 Sturm_pro_Tag 1.2
2021-05-04_23:59:00 Sturm_pro_Tag 0.8
2021-05-05_23:59:00 Sturm_pro_Tag 1
2021-05-06_23:59:00 Sturm_pro_Tag 1.8
2021-05-07_23:59:00 Sturm_pro_Tag 1.8
2021-05-08_23:59:00 Sturm_pro_Tag 1.6
2021-05-09_23:59:00 Sturm_pro_Tag 1.2
2021-05-10_23:59:00 Sturm_pro_Tag 1.2
2021-05-11_23:59:00 Sturm_pro_Tag 1.2
2021-05-12_23:59:00 Sturm_pro_Tag 2
2021-05-13_23:59:00 Sturm_pro_Tag 1.8
2021-05-14_23:59:00 Sturm_pro_Tag 2.2
2021-05-15_23:59:00 Sturm_pro_Tag 2
2021-05-16_23:59:00 Sturm_pro_Tag 1.2
2021-05-17_23:59:00 Sturm_pro_Tag 0.8
2021-05-18_23:59:00 Sturm_pro_Tag 0.4
2021-05-19_23:59:00 Sturm_pro_Tag 1.2
2021-05-20_23:59:00 Sturm_pro_Tag 0.2
2021-05-21_23:59:00 Sturm_pro_Tag 0.2
2021-05-22_23:59:00 Sturm_pro_Tag 1.6
2021-05-23_23:59:00 Sturm_pro_Tag 1.8
2021-05-24_23:59:00 Sturm_pro_Tag 1.8
2021-05-25_23:59:00 Sturm_pro_Tag 2
2021-05-26_23:59:00 Sturm_pro_Tag 1.4
2021-05-27_23:59:00 Sturm_pro_Tag 0.6
2021-05-28_23:59:00 Sturm_pro_Tag 2
2021-05-29_23:59:00 Sturm_pro_Tag 2.2
2021-05-30_23:59:00 Sturm_pro_Tag 2
2021-05-31_23:59:00 Sturm_pro_Tag 2
2021-06-01_23:59:00 Sturm_pro_Tag 1.8
2021-06-02_23:59:00 Sturm_pro_Tag 2.6
2021-06-03_23:59:00 Sturm_pro_Tag 1.4
2021-06-04_23:59:00 Sturm_pro_Tag 0.8
2021-06-05_23:59:00 Sturm_pro_Tag 1.6
2021-06-06_23:59:00 Sturm_pro_Tag 2.4
2021-06-07_23:59:00 Sturm_pro_Tag 2.4
2021-06-08_23:59:00 Sturm_pro_Tag 2.6
2021-06-09_23:59:00 Sturm_pro_Tag 1.8
2021-06-10_23:59:00 Sturm_pro_Tag 2.8
2021-06-11_23:59:00 Sturm_pro_Tag 1
2021-06-12_23:59:00 Sturm_pro_Tag 1.2
2021-06-13_23:59:00 Sturm_pro_Tag 0.2
2021-06-14_23:59:00 Sturm_pro_Tag 0
2021-06-15_23:59:00 Sturm_pro_Tag 0.2
2021-06-16_23:59:00 Sturm_pro_Tag 1.6
2021-06-17_23:59:00 Sturm_pro_Tag 1.8
2021-06-18_23:59:00 Sturm_pro_Tag 2
2021-06-19_23:59:00 Sturm_pro_Tag 2.8
2021-06-20_23:59:00 Sturm_pro_Tag 2
2021-06-21_23:59:00 Sturm_pro_Tag 3.2
2021-06-22_23:59:00 Sturm_pro_Tag 1.6
2021-06-23_23:59:00 Sturm_pro_Tag 1.6
2021-06-24_23:59:00 Sturm_pro_Tag 0.6
2021-06-25_23:59:00 Sturm_pro_Tag 1
2021-06-26_23:59:00 Sturm_pro_Tag 1.6
2021-06-27_23:59:00 Sturm_pro_Tag 1.8
2021-06-28_23:59:00 Sturm_pro_Tag 2
2021-06-29_23:59:00 Sturm_pro_Tag 2.4
2021-06-30_23:59:00 Sturm_pro_Tag 3.6  
2021-07-01_23:59:00 Sturm_pro_Tag 2.6
2021-07-02_23:59:00 Sturm_pro_Tag 3
2021-07-03_23:59:00 Sturm_pro_Tag 3.4
2021-07-04_23:59:00 Sturm_pro_Tag 2
2021-07-05_23:59:00 Sturm_pro_Tag 1.6
2021-07-06_23:59:00 Sturm_pro_Tag 1.6
2021-07-07_23:59:00 Sturm_pro_Tag 0.6
2021-07-08_23:59:00 Sturm_pro_Tag 1.4
2021-07-09_23:59:00 Sturm_pro_Tag 3.4
2021-07-10_23:59:00 Sturm_pro_Tag 2.4
2021-07-11_23:59:00 Sturm_pro_Tag 2
2021-07-12_23:59:00 Sturm_pro_Tag 1
2021-07-13_23:59:00 Sturm_pro_Tag 1.4
2021-07-14_23:59:00 Sturm_pro_Tag 1.8
2021-07-15_23:59:00 Sturm_pro_Tag 2
2021-07-16_23:59:00 Sturm_pro_Tag 0.8
2021-07-17_23:59:00 Sturm_pro_Tag 0.8
2021-07-18_23:59:00 Sturm_pro_Tag 1
2021-07-19_23:59:00 Sturm_pro_Tag 1.8
2021-07-20_23:59:00 Sturm_pro_Tag 2
2021-07-21_23:59:00 Sturm_pro_Tag 2.6
2021-07-22_23:59:00 Sturm_pro_Tag 3
2021-07-23_23:59:00 Sturm_pro_Tag 3.4
2021-07-24_23:59:00 Sturm_pro_Tag 3
2021-07-25_23:59:00 Sturm_pro_Tag 2.6
2021-07-26_23:59:00 Sturm_pro_Tag 2.4
2021-07-27_23:59:00 Sturm_pro_Tag 1.6
2021-07-28_23:59:00 Sturm_pro_Tag 1.8
2021-07-29_23:59:00 Sturm_pro_Tag 3.6
2021-07-30_23:59:00 Sturm_pro_Tag 2
2021-07-31_23:59:00 Sturm_pro_Tag 3.2
2021-08-01_23:59:00 Sturm_pro_Tag 3.8
2021-08-02_23:59:00 Sturm_pro_Tag 2.6
2021-08-03_23:59:00 Sturm_pro_Tag 2.4
2021-08-04_23:59:00 Sturm_pro_Tag 1.8
2021-08-05_23:59:00 Sturm_pro_Tag 0.6
2021-08-06_23:59:00 Sturm_pro_Tag 1
2021-08-07_23:59:00 Sturm_pro_Tag 3
2021-08-08_23:59:00 Sturm_pro_Tag 3.4
2021-08-09_23:59:00 Sturm_pro_Tag 2.8
2021-08-10_23:59:00 Sturm_pro_Tag 2.4
2021-08-11_23:59:00 Sturm_pro_Tag 2.2
2021-08-12_23:59:00 Sturm_pro_Tag 3.8
2021-08-13_23:59:00 Sturm_pro_Tag 3.6
2021-08-14_23:59:00 Sturm_pro_Tag 1.6
2021-08-15_23:59:00 Sturm_pro_Tag 4
2021-08-16_23:59:00 Sturm_pro_Tag 1.6
2021-08-17_23:59:00 Sturm_pro_Tag 2.8
2021-08-18_23:59:00 Sturm_pro_Tag 3
2021-08-19_23:59:00 Sturm_pro_Tag 2.2
2021-08-20_23:59:00 Sturm_pro_Tag 2.6
2021-08-21_23:59:00 Sturm_pro_Tag 3
2021-08-22_23:59:00 Sturm_pro_Tag 3
2021-08-23_23:59:00 Sturm_pro_Tag 2.6
2021-08-24_23:59:00 Sturm_pro_Tag 2.2
2021-08-25_23:59:00 Sturm_pro_Tag 1.2
2021-08-26_23:59:00 Sturm_pro_Tag 1.2
2021-08-27_23:59:00 Sturm_pro_Tag 1.8
2021-08-28_23:59:00 Sturm_pro_Tag 3
2021-08-29_23:59:00 Sturm_pro_Tag 2.8
2021-08-30_23:59:00 Sturm_pro_Tag 3.8
2021-08-31_23:59:00 Sturm_pro_Tag 3.8
2021-09-01_23:59:00 Sturm_pro_Tag 4
2021-09-02_23:59:00 Sturm_pro_Tag 3.6
2021-09-03_23:59:00 Sturm_pro_Tag 3.4
2021-09-04_23:59:00 Sturm_pro_Tag 2.6
2021-09-05_23:59:00 Sturm_pro_Tag 2.2
2021-09-06_23:59:00 Sturm_pro_Tag 1.6
2021-09-07_23:59:00 Sturm_pro_Tag 2.8
2021-09-08_23:59:00 Sturm_pro_Tag 3.4
2021-09-09_23:59:00 Sturm_pro_Tag 3.6
2021-09-10_23:59:00 Sturm_pro_Tag 2.6
2021-09-11_23:59:00 Sturm_pro_Tag 2.4
2021-09-12_23:59:00 Sturm_pro_Tag 2.2
2021-09-13_23:59:00 Sturm_pro_Tag 0.8
2021-09-14_23:59:00 Sturm_pro_Tag 2.4
2021-09-15_23:59:00 Sturm_pro_Tag 2.8
2021-09-16_23:59:00 Sturm_pro_Tag 2.8
2021-09-17_23:59:00 Sturm_pro_Tag 2.2
2021-09-18_23:59:00 Sturm_pro_Tag 0.8
2021-09-19_23:59:00 Sturm_pro_Tag 0.2
2021-09-20_23:59:00 Sturm_pro_Tag 0.4
2021-09-21_23:59:00 Sturm_pro_Tag 0.8
2021-09-22_23:59:00 Sturm_pro_Tag 1
2021-09-23_23:59:00 Sturm_pro_Tag 1.8
2021-09-24_23:59:00 Sturm_pro_Tag 2.2
2021-09-25_23:59:00 Sturm_pro_Tag 1.6
2021-09-26_23:59:00 Sturm_pro_Tag 1.4
2021-09-27_23:59:00 Sturm_pro_Tag 1.8
2021-09-28_23:59:00 Sturm_pro_Tag 2.6
2021-09-29_23:59:00 Sturm_pro_Tag 2.2
2021-09-30_23:59:00 Sturm_pro_Tag 2  
2021-10-01_23:59:00 Sturm_pro_Tag 1.8
2021-10-02_23:59:00 Sturm_pro_Tag 1.8
2021-10-03_23:59:00 Sturm_pro_Tag 1.6
2021-10-04_23:59:00 Sturm_pro_Tag 1.4
2021-10-05_23:59:00 Sturm_pro_Tag 2
2021-10-06_23:59:00 Sturm_pro_Tag 1.2
2021-10-07_23:59:00 Sturm_pro_Tag 1.6
2021-10-08_23:59:00 Sturm_pro_Tag 2
2021-10-09_23:59:00 Sturm_pro_Tag 2.4
2021-10-10_23:59:00 Sturm_pro_Tag 2.8
2021-10-11_23:59:00 Sturm_pro_Tag 2.6
2021-10-12_23:59:00 Sturm_pro_Tag 2
2021-10-13_23:59:00 Sturm_pro_Tag 1.4
2021-10-14_23:59:00 Sturm_pro_Tag 0.8
2021-10-15_23:59:00 Sturm_pro_Tag 1.6
2021-10-16_23:59:00 Sturm_pro_Tag 2.2
2021-10-17_23:59:00 Sturm_pro_Tag 1.6
2021-10-18_23:59:00 Sturm_pro_Tag 2.8
2021-10-19_23:59:00 Sturm_pro_Tag 2.8
2021-10-20_23:59:00 Sturm_pro_Tag 2.2
2021-10-21_23:59:00 Sturm_pro_Tag 3.4
2021-10-22_23:59:00 Sturm_pro_Tag 2.6
2021-10-23_23:59:00 Sturm_pro_Tag 2
2021-10-24_23:59:00 Sturm_pro_Tag 0.8
2021-10-25_23:59:00 Sturm_pro_Tag 0.6
2021-10-26_23:59:00 Sturm_pro_Tag 1.4
2021-10-27_23:59:00 Sturm_pro_Tag 1.6
2021-10-28_23:59:00 Sturm_pro_Tag 0.8
2021-10-29_23:59:00 Sturm_pro_Tag 1.8
2021-10-30_23:59:00 Sturm_pro_Tag 2
2021-10-31_23:59:00 Sturm_pro_Tag 1
2021-11-01_23:59:00 Sturm_pro_Tag 1.4
2021-11-02_23:59:00 Sturm_pro_Tag 1.6
2021-11-03_23:59:00 Sturm_pro_Tag 0.6
2021-11-04_23:59:00 Sturm_pro_Tag 1.4
2021-11-05_23:59:00 Sturm_pro_Tag 1.2
2021-11-06_23:59:00 Sturm_pro_Tag 1.2
2021-11-07_23:59:00 Sturm_pro_Tag 1.2
2021-11-08_23:59:00 Sturm_pro_Tag 0.6
2021-11-09_23:59:00 Sturm_pro_Tag 1
2021-11-10_23:59:00 Sturm_pro_Tag 0.4
2021-11-11_23:59:00 Sturm_pro_Tag 0
2021-11-12_23:59:00 Sturm_pro_Tag 0
2021-11-13_23:59:00 Sturm_pro_Tag 0.8
2021-11-14_23:59:00 Sturm_pro_Tag 1.6
2021-11-15_23:59:00 Sturm_pro_Tag 1.8
2021-11-16_23:59:00 Sturm_pro_Tag 0.8
2021-11-17_23:59:00 Sturm_pro_Tag 1.6
2021-11-18_23:59:00 Sturm_pro_Tag 0.6
2021-11-19_23:59:00 Sturm_pro_Tag 1.4
2021-11-20_23:59:00 Sturm_pro_Tag 1.8
2021-11-21_23:59:00 Sturm_pro_Tag 0.6
2021-11-22_23:59:00 Sturm_pro_Tag 1.6
2021-11-23_23:59:00 Sturm_pro_Tag 1.2
2021-11-24_23:59:00 Sturm_pro_Tag 1.6
2021-11-25_23:59:00 Sturm_pro_Tag 0.6
2021-11-26_23:59:00 Sturm_pro_Tag 0.8
2021-11-27_23:59:00 Sturm_pro_Tag 1.8
2021-11-28_23:59:00 Sturm_pro_Tag 0.8
2021-11-29_23:59:00 Sturm_pro_Tag 1
2021-11-30_23:59:00 Sturm_pro_Tag 0.4  
2021-12-01_23:59:00 Sturm_pro_Tag 1.6
2021-12-02_23:59:00 Sturm_pro_Tag 1.2
2021-12-03_23:59:00 Sturm_pro_Tag 0.2
2021-12-04_23:59:00 Sturm_pro_Tag 0.2
2021-12-05_23:59:00 Sturm_pro_Tag 0
2021-12-06_23:59:00 Sturm_pro_Tag 0.8
2021-12-07_23:59:00 Sturm_pro_Tag 1.6
2021-12-08_23:59:00 Sturm_pro_Tag 1
2021-12-09_23:59:00 Sturm_pro_Tag 0.8
2021-12-00_23:59:00 Sturm_pro_Tag 0.6
2021-12-11_23:59:00 Sturm_pro_Tag 1.4
2021-12-12_23:59:00 Sturm_pro_Tag 0.4
2021-12-13_23:59:00 Sturm_pro_Tag 0.2
2021-12-14_23:59:00 Sturm_pro_Tag 1.2
2021-12-15_23:59:00 Sturm_pro_Tag 1.4
2021-12-16_23:59:00 Sturm_pro_Tag 0.6
2021-12-17_23:59:00 Sturm_pro_Tag 0.8
2021-12-18_23:59:00 Sturm_pro_Tag 0.8
2021-12-19_23:59:00 Sturm_pro_Tag 0.4
2021-12-20_23:59:00 Sturm_pro_Tag 0.4
2021-12-21_23:59:00 Sturm_pro_Tag 0
2021-12-22_23:59:00 Sturm_pro_Tag 0.2
2021-12-23_23:59:00 Sturm_pro_Tag 0.8
2021-12-24_23:59:00 Sturm_pro_Tag 1.2
2021-12-25_23:59:00 Sturm_pro_Tag 0.6
2021-12-26_23:59:00 Sturm_pro_Tag 1.4
2021-12-27_23:59:00 Sturm_pro_Tag 1
2021-12-28_23:59:00 Sturm_pro_Tag 1.8
2021-12-29_23:59:00 Sturm_pro_Tag 1
2021-12-30_23:59:00 Sturm_pro_Tag 0.2
2021-12-31_23:59:00 Sturm_pro_Tag 1.2
2022-01-01_23:59:00 Sturm_pro_Tag 0.4
2022-01-02_23:59:00 Sturm_pro_Tag 0.3
2022-01-03_23:59:00 Sturm_pro_Tag 0.5
2022-01-04_23:59:00 Sturm_pro_Tag 0.8
2022-01-05_23:59:00 Sturm_pro_Tag 1
2022-01-06_23:59:00 Sturm_pro_Tag 1.2
2022-01-07_23:59:00 Sturm_pro_Tag 0.2
2022-01-08_23:59:00 Sturm_pro_Tag 0
2022-01-09_23:59:00 Sturm_pro_Tag 0.2
2022-01-10_23:59:00 Sturm_pro_Tag 0.2
2022-01-11_23:59:00 Sturm_pro_Tag 1
2022-01-12_23:59:00 Sturm_pro_Tag 1.1
2022-01-13_23:59:00 Sturm_pro_Tag 0.9
2022-01-14_23:59:15 Strom_pro_Tag 0.3
2022-01-15_23:59:15 Strom_pro_Tag 0.7
2022-01-16_23:59:15 Strom_pro_Tag 1.3
2022-01-17_23:59:15 Strom_pro_Tag 1.9
2022-01-18_23:59:15 Strom_pro_Tag 2.3
2022-01-19_23:59:15 Strom_pro_Tag 0.8
2022-01-20_23:59:15 Strom_pro_Tag 0.4
2022-01-21_23:59:15 Strom_pro_Tag 1.5
2022-01-22_23:59:15 Strom_pro_Tag 2.0
2022-01-23_23:59:15 Strom_pro_Tag 1.1
2022-01-24_23:59:15 Strom_pro_Tag 1.5
2022-01-25_23:59:15 Strom_pro_Tag 0.8
